<?xml version="1.0" encoding="UTF-8"?>
<!-- Generated by org.testng.reporters.JUnitXMLReporter -->
<testsuite ignored="0" hostname="LIN60016880" failures="0" tests="4" name="Default test" time="0.08" errors="0" timestamp="2022-09-06T19:22:55 IST">
  <testcase classname="TestNg.Day3" name="EducationLoan" time="0.015"/>
  <testcase classname="TestNg.Day3" name="carLoan" time="0.002"/>
  <testcase classname="TestNg.Day3" name="homeLoan" time="0.002"/>
  <testcase classname="TestNg.Day3" name="personalLoan" time="0.002"/>
</testsuite> <!-- Default test -->
