<?xml version="1.0" encoding="UTF-8"?>
<!-- Generated by org.testng.reporters.JUnitXMLReporter -->
<testsuite ignored="0" hostname="LIN60016880" failures="0" tests="7" name="personal Loan" time="0.071" errors="0" timestamp="2022-09-06T19:31:27 IST">
  <testcase classname="TestNg.Day1" name="day1" time="0.011"/>
  <testcase classname="TestNg.Day1" name="demo" time="0.001"/>
  <testcase classname="TestNg.Day2" name="loan" time="0.001"/>
  <testcase classname="TestNg.Day3" name="EducationLoan" time="0.002"/>
  <testcase classname="TestNg.Day3" name="carLoan" time="0.001"/>
  <testcase classname="TestNg.Day3" name="homeLoan" time="0.002"/>
  <testcase classname="TestNg.Day3" name="personalLoan" time="0.001"/>
</testsuite> <!-- personal Loan -->
