<?xml version="1.0" encoding="UTF-8"?>
<testng-results ignored="1" total="9" passed="8" failed="0" skipped="0">
  <reporter-output>
  </reporter-output>
  <suite started-at="2022-09-06T19:31:27 IST" name="Loan Department" finished-at="2022-09-06T19:31:27 IST" duration-ms="180">
    <groups>
    </groups>
    <test started-at="2022-09-06T19:31:27 IST" name="personal Loan" finished-at="2022-09-06T19:31:27 IST" duration-ms="71">
      <class name="TestNg.Day1">
        <test-method signature="day1()[pri:0, instance:TestNg.Day1@6e0f5f7f]" started-at="2022-09-06T19:31:27 IST" name="day1" finished-at="2022-09-06T19:31:27 IST" duration-ms="11" status="PASS">
          <reporter-output>
          </reporter-output>
        </test-method> <!-- day1 -->
        <test-method signature="demo()[pri:0, instance:TestNg.Day1@6e0f5f7f]" started-at="2022-09-06T19:31:27 IST" name="demo" finished-at="2022-09-06T19:31:27 IST" duration-ms="1" status="PASS">
          <reporter-output>
          </reporter-output>
        </test-method> <!-- demo -->
      </class> <!-- TestNg.Day1 -->
      <class name="TestNg.Day2">
        <test-method signature="loan()[pri:0, instance:TestNg.Day2@550dbc7a]" started-at="2022-09-06T19:31:27 IST" name="loan" finished-at="2022-09-06T19:31:27 IST" duration-ms="1" status="PASS">
          <reporter-output>
          </reporter-output>
        </test-method> <!-- loan -->
      </class> <!-- TestNg.Day2 -->
      <class name="TestNg.Day3">
        <test-method signature="EducationLoan()[pri:0, instance:TestNg.Day3@21282ed8]" started-at="2022-09-06T19:31:27 IST" name="EducationLoan" finished-at="2022-09-06T19:31:27 IST" duration-ms="2" status="PASS">
          <reporter-output>
          </reporter-output>
        </test-method> <!-- EducationLoan -->
        <test-method signature="carLoan()[pri:0, instance:TestNg.Day3@21282ed8]" started-at="2022-09-06T19:31:27 IST" name="carLoan" finished-at="2022-09-06T19:31:27 IST" duration-ms="1" status="PASS">
          <reporter-output>
          </reporter-output>
        </test-method> <!-- carLoan -->
        <test-method signature="homeLoan()[pri:0, instance:TestNg.Day3@21282ed8]" started-at="2022-09-06T19:31:27 IST" name="homeLoan" finished-at="2022-09-06T19:31:27 IST" duration-ms="2" status="PASS">
          <reporter-output>
          </reporter-output>
        </test-method> <!-- homeLoan -->
        <test-method signature="personalLoan()[pri:0, instance:TestNg.Day3@21282ed8]" started-at="2022-09-06T19:31:27 IST" name="personalLoan" finished-at="2022-09-06T19:31:27 IST" duration-ms="1" status="PASS">
          <reporter-output>
          </reporter-output>
        </test-method> <!-- personalLoan -->
      </class> <!-- TestNg.Day3 -->
    </test> <!-- personal Loan -->
    <test started-at="2022-09-06T19:31:27 IST" name="study" finished-at="2022-09-06T19:31:27 IST" duration-ms="5">
      <class name="TestNg.Day4">
        <test-method signature="onlineclass()[pri:0, instance:TestNg.Day4@1ffaf86]" started-at="2022-09-06T19:31:27 IST" name="onlineclass" finished-at="2022-09-06T19:31:27 IST" duration-ms="2" status="PASS">
          <reporter-output>
          </reporter-output>
        </test-method> <!-- onlineclass -->
      </class> <!-- TestNg.Day4 -->
    </test> <!-- study -->
  </suite> <!-- Loan Department -->
</testng-results>
